#
# There is insufficient memory for the Java Runtime Environment to continue.
# Native memory allocation (malloc) failed to allocate 924576 bytes for Chunk::new
# Possible reasons:
#   The system is out of physical RAM or swap space
#   The process is running with CompressedOops enabled, and the Java Heap may be blocking the growth of the native heap
# Possible solutions:
#   Reduce memory load on the system
#   Increase physical memory or swap space
#   Check if swap backing store is full
#   Decrease Java heap size (-Xmx/-Xms)
#   Decrease number of Java threads
#   Decrease Java thread stack sizes (-Xss)
#   Set larger code cache with -XX:ReservedCodeCacheSize=
#   JVM is running with Unscaled Compressed Oops mode in which the Java heap is
#     placed in the first 4GB address space. The Java Heap base address is the
#     maximum limit for the native heap growth. Please use -XX:HeapBaseMinAddress
#     to set the Java Heap base and to place the Java Heap above 4GB virtual address.
# This output file may be truncated or incomplete.
#
#  Out of Memory Error (t:/workspace/open/src/hotspot/share/memory/arena.cpp:197), pid=9712, tid=2424
#
# JRE version: Java(TM) SE Runtime Environment (12.0.1+12) (build 12.0.1+12)
# Java VM: Java HotSpot(TM) 64-Bit Server VM (12.0.1+12, mixed mode, sharing, tiered, compressed oops, g1 gc, windows-amd64)
# No core dump will be written. Minidumps are not enabled by default on client versions of Windows
#

---------------  S U M M A R Y ------------

Command Line: -ea -Didea.test.cyclic.buffer.size=1048576 -javaagent:C:\Program Files\JetBrains\IntelliJ IDEA 2021.2.3\lib\idea_rt.jar=59139:C:\Program Files\JetBrains\IntelliJ IDEA 2021.2.3\bin -Dfile.encoding=UTF-8 com.intellij.rt.junit.JUnitStarter -ideVersion5 -junit5 com.scheduleproject.services.LessonServiceTest,create

Host: Intel(R) Core(TM) i5-8350U CPU @ 1.70GHz, 8 cores, 7G,  Windows 10 , 64 bit Build 19041 (10.0.19041.1889)
Time: Fri Sep  2 07:50:08 2022 Центральноевропейский (лето) elapsed time: 24 seconds (0d 0h 0m 24s)

---------------  T H R E A D  ---------------

Current thread (0x000002d8fb34e800):  JavaThread "C2 CompilerThread0" daemon [_thread_in_native, id=2424, stack(0x000000eb7b900000,0x000000eb7ba00000)]


Current CompileTask:
C2:  24472 5567   !   4       java.lang.reflect.Executable::declaredAnnotations (85 bytes)

Stack: [0x000000eb7b900000,0x000000eb7ba00000]
Native frames: (J=compiled Java code, j=interpreted, Vv=VM code, C=native code)
V  [jvm.dll+0x63948a]
V  [jvm.dll+0x78b31f]
V  [jvm.dll+0x78c9c1]
V  [jvm.dll+0x78d013]
V  [jvm.dll+0x262138]
V  [jvm.dll+0xc582c]
V  [jvm.dll+0xc5dac]
V  [jvm.dll+0x2d3854]
V  [jvm.dll+0x55596d]
V  [jvm.dll+0x2244f7]
V  [jvm.dll+0x21e143]
V  [jvm.dll+0x21b0e6]
V  [jvm.dll+0x199890]
V  [jvm.dll+0x22a534]
V  [jvm.dll+0x228b88]
V  [jvm.dll+0x74f660]
V  [jvm.dll+0x748648]
V  [jvm.dll+0x638566]
C  [ucrtbase.dll+0x21bb2]
C  [KERNEL32.DLL+0x17034]
C  [ntdll.dll+0x52651]


---------------  P R O C E S S  ---------------

Threads class SMR info:
_java_thread_list=0x000002d8fcde9f10, length=12, elements={
0x000002d8e9701000, 0x000002d8fb32a800, 0x000002d8fb32b800, 0x000002d8fb34a000,
0x000002d8fb34c000, 0x000002d8fb34e800, 0x000002d8fb356000, 0x000002d8fb37c800,
0x000002d8fb310800, 0x000002d8fbe40000, 0x000002d8fbe5c800, 0x000002d8fd0ea000
}

Java Threads: ( => current thread )
  0x000002d8e9701000 JavaThread "main" [_thread_in_vm, id=26272, stack(0x000000eb7ae00000,0x000000eb7af00000)]
  0x000002d8fb32a800 JavaThread "Reference Handler" daemon [_thread_blocked, id=15432, stack(0x000000eb7b500000,0x000000eb7b600000)]
  0x000002d8fb32b800 JavaThread "Finalizer" daemon [_thread_blocked, id=24096, stack(0x000000eb7b600000,0x000000eb7b700000)]
  0x000002d8fb34a000 JavaThread "Signal Dispatcher" daemon [_thread_blocked, id=2780, stack(0x000000eb7b700000,0x000000eb7b800000)]
  0x000002d8fb34c000 JavaThread "Attach Listener" daemon [_thread_blocked, id=16240, stack(0x000000eb7b800000,0x000000eb7b900000)]
=>0x000002d8fb34e800 JavaThread "C2 CompilerThread0" daemon [_thread_in_native, id=2424, stack(0x000000eb7b900000,0x000000eb7ba00000)]
  0x000002d8fb356000 JavaThread "C1 CompilerThread0" daemon [_thread_blocked, id=28864, stack(0x000000eb7ba00000,0x000000eb7bb00000)]
  0x000002d8fb37c800 JavaThread "Sweeper thread" daemon [_thread_blocked, id=19244, stack(0x000000eb7bb00000,0x000000eb7bc00000)]
  0x000002d8fb310800 JavaThread "Common-Cleaner" daemon [_thread_blocked, id=18212, stack(0x000000eb7bc00000,0x000000eb7bd00000)]
  0x000002d8fbe40000 JavaThread "Monitor Ctrl-Break" daemon [_thread_in_native, id=8228, stack(0x000000eb7bd00000,0x000000eb7be00000)]
  0x000002d8fbe5c800 JavaThread "Service Thread" daemon [_thread_blocked, id=16552, stack(0x000000eb7be00000,0x000000eb7bf00000)]
  0x000002d8fd0ea000 JavaThread "HikariPool-1 housekeeper" daemon [_thread_blocked, id=4464, stack(0x000000eb7c500000,0x000000eb7c600000)]

Other Threads:
  0x000002d8fb328000 VMThread "VM Thread" [stack: 0x000000eb7b400000,0x000000eb7b500000] [id=29364]
  0x000002d8fbe63000 WatcherThread [stack: 0x000000eb7bf00000,0x000000eb7c000000] [id=4120]
  0x000002d8e973e000 GCTaskThread "GC Thread#0" [stack: 0x000000eb7af00000,0x000000eb7b000000] [id=28288]
  0x000002d8fc785000 GCTaskThread "GC Thread#1" [stack: 0x000000eb7c000000,0x000000eb7c100000] [id=15292]
  0x000002d8fcabd800 GCTaskThread "GC Thread#2" [stack: 0x000000eb7c100000,0x000000eb7c200000] [id=8628]
  0x000002d8fcda4800 GCTaskThread "GC Thread#3" [stack: 0x000000eb7c300000,0x000000eb7c400000] [id=24900]
  0x000002d8e974c800 ConcurrentGCThread "G1 Main Marker" [stack: 0x000000eb7b000000,0x000000eb7b100000] [id=12480]
  0x000002d8e974f800 ConcurrentGCThread "G1 Conc#0" [stack: 0x000000eb7b100000,0x000000eb7b200000] [id=18940]
  0x000002d8fc7bb000 ConcurrentGCThread "G1 Conc#1" [stack: 0x000000eb7c400000,0x000000eb7c500000] [id=22588]
  0x000002d8fb1a2800 ConcurrentGCThread "G1 Refine#0" [stack: 0x000000eb7b200000,0x000000eb7b300000] [id=22552]
  0x000002d8fb1a3800 ConcurrentGCThread "G1 Young RemSet Sampling" [stack: 0x000000eb7b300000,0x000000eb7b400000] [id=10364]

Threads with active compile tasks:
C2 CompilerThread0  5567   !   4       java.lang.reflect.Executable::declaredAnnotations (85 bytes)

VM state:not at safepoint (normal execution)

VM Mutex/Monitor currently owned by a thread: None

Heap address: 0x0000000081e00000, size: 2018 MB, Compressed Oops mode: 32-bit
Narrow klass base: 0x0000000800000000, Narrow klass shift: 3
Compressed class space size: 1073741824 Address: 0x00000008011a0000

Heap:
 garbage-first heap   total 122880K, used 43111K [0x0000000081e00000, 0x0000000100000000)
  region size 1024K, 9 young (9216K), 4 survivors (4096K)
 Metaspace       used 62844K, capacity 65144K, committed 65328K, reserved 1105920K
  class space    used 8672K, capacity 9595K, committed 9600K, reserved 1048576K
Heap Regions: E=young(eden), S=young(survivor), O=old, HS=humongous(starts), HC=humongous(continues), CS=collection set, F=free, A=archive, TAMS=top-at-mark-start (previous, next)
|   0|0x0000000081e00000, 0x0000000081f00000, 0x0000000081f00000|100%|HS|  |TAMS 0x0000000081f00000, 0x0000000081e00000| Complete 
|   1|0x0000000081f00000, 0x0000000082000000, 0x0000000082000000|100%|HS|  |TAMS 0x0000000082000000, 0x0000000081f00000| Complete 
|   2|0x0000000082000000, 0x0000000082100000, 0x0000000082100000|100%|HC|  |TAMS 0x0000000082100000, 0x0000000082000000| Complete 
|   3|0x0000000082100000, 0x0000000082200000, 0x0000000082200000|100%| O|  |TAMS 0x0000000082200000, 0x0000000082100000| Untracked 
|   4|0x0000000082200000, 0x0000000082300000, 0x0000000082300000|100%| O|  |TAMS 0x0000000082300000, 0x0000000082200000| Untracked 
|   5|0x0000000082300000, 0x0000000082400000, 0x0000000082400000|100%| O|  |TAMS 0x0000000082400000, 0x0000000082300000| Untracked 
|   6|0x0000000082400000, 0x0000000082500000, 0x0000000082500000|100%| O|  |TAMS 0x0000000082500000, 0x0000000082400000| Untracked 
|   7|0x0000000082500000, 0x0000000082600000, 0x0000000082600000|100%| O|  |TAMS 0x0000000082600000, 0x0000000082500000| Untracked 
|   8|0x0000000082600000, 0x0000000082700000, 0x0000000082700000|100%| O|  |TAMS 0x0000000082700000, 0x0000000082600000| Untracked 
|   9|0x0000000082700000, 0x0000000082800000, 0x0000000082800000|100%| O|  |TAMS 0x0000000082800000, 0x0000000082700000| Untracked 
|  10|0x0000000082800000, 0x00000000828fda00, 0x0000000082900000| 99%| O|  |TAMS 0x00000000828fda00, 0x0000000082800000| Untracked 
|  11|0x0000000082900000, 0x0000000082a00000, 0x0000000082a00000|100%| O|  |TAMS 0x0000000082a00000, 0x0000000082900000| Untracked 
|  12|0x0000000082a00000, 0x0000000082b00000, 0x0000000082b00000|100%| O|  |TAMS 0x0000000082b00000, 0x0000000082a00000| Untracked 
|  13|0x0000000082b00000, 0x0000000082c00000, 0x0000000082c00000|100%| O|  |TAMS 0x0000000082c00000, 0x0000000082b00000| Untracked 
|  14|0x0000000082c00000, 0x0000000082d00000, 0x0000000082d00000|100%| O|  |TAMS 0x0000000082d00000, 0x0000000082c00000| Untracked 
|  15|0x0000000082d00000, 0x0000000082e00000, 0x0000000082e00000|100%| O|  |TAMS 0x0000000082e00000, 0x0000000082d00000| Untracked 
|  16|0x0000000082e00000, 0x0000000082f00000, 0x0000000082f00000|100%| O|  |TAMS 0x0000000082f00000, 0x0000000082e00000| Untracked 
|  17|0x0000000082f00000, 0x0000000083000000, 0x0000000083000000|100%| O|  |TAMS 0x0000000083000000, 0x0000000082f00000| Untracked 
|  18|0x0000000083000000, 0x0000000083100000, 0x0000000083100000|100%| O|  |TAMS 0x0000000083100000, 0x0000000083000000| Untracked 
|  19|0x0000000083100000, 0x0000000083200000, 0x0000000083200000|100%| O|  |TAMS 0x0000000083200000, 0x0000000083100000| Untracked 
|  20|0x0000000083200000, 0x0000000083300000, 0x0000000083300000|100%| O|  |TAMS 0x0000000083300000, 0x0000000083200000| Untracked 
|  21|0x0000000083300000, 0x0000000083400000, 0x0000000083400000|100%| O|  |TAMS 0x0000000083400000, 0x0000000083300000| Untracked 
|  22|0x0000000083400000, 0x0000000083500000, 0x0000000083500000|100%| O|  |TAMS 0x0000000083500000, 0x0000000083400000| Untracked 
|  23|0x0000000083500000, 0x0000000083600000, 0x0000000083600000|100%| O|  |TAMS 0x0000000083600000, 0x0000000083500000| Untracked 
|  24|0x0000000083600000, 0x0000000083700000, 0x0000000083700000|100%| O|  |TAMS 0x0000000083700000, 0x0000000083600000| Untracked 
|  25|0x0000000083700000, 0x0000000083800000, 0x0000000083800000|100%| O|  |TAMS 0x0000000083800000, 0x0000000083700000| Untracked 
|  26|0x0000000083800000, 0x0000000083900000, 0x0000000083900000|100%| O|  |TAMS 0x0000000083900000, 0x0000000083800000| Untracked 
|  27|0x0000000083900000, 0x0000000083a00000, 0x0000000083a00000|100%| O|  |TAMS 0x000000008395d600, 0x0000000083900000| Untracked 
|  28|0x0000000083a00000, 0x0000000083b00000, 0x0000000083b00000|100%| O|  |TAMS 0x0000000083a00000, 0x0000000083a00000| Untracked 
|  29|0x0000000083b00000, 0x0000000083c00000, 0x0000000083c00000|100%| O|  |TAMS 0x0000000083b00000, 0x0000000083b00000| Untracked 
|  30|0x0000000083c00000, 0x0000000083d00000, 0x0000000083d00000|100%| O|  |TAMS 0x0000000083c00000, 0x0000000083c00000| Untracked 
|  31|0x0000000083d00000, 0x0000000083e00000, 0x0000000083e00000|100%| O|  |TAMS 0x0000000083d00000, 0x0000000083d00000| Untracked 
|  32|0x0000000083e00000, 0x0000000083f00000, 0x0000000083f00000|100%| O|  |TAMS 0x0000000083e00000, 0x0000000083e00000| Untracked 
|  33|0x0000000083f00000, 0x0000000084000000, 0x0000000084000000|100%| O|  |TAMS 0x0000000083f00000, 0x0000000083f00000| Untracked 
|  34|0x0000000084000000, 0x00000000840c2400, 0x0000000084100000| 75%| O|  |TAMS 0x0000000084000000, 0x0000000084000000| Untracked 
|  35|0x0000000084100000, 0x0000000084100000, 0x0000000084200000|  0%| F|  |TAMS 0x0000000084100000, 0x0000000084100000| Untracked 
|  36|0x0000000084200000, 0x0000000084200000, 0x0000000084300000|  0%| F|  |TAMS 0x0000000084200000, 0x0000000084200000| Untracked 
|  37|0x0000000084300000, 0x0000000084300000, 0x0000000084400000|  0%| F|  |TAMS 0x0000000084300000, 0x0000000084300000| Untracked 
|  38|0x0000000084400000, 0x0000000084400000, 0x0000000084500000|  0%| F|  |TAMS 0x0000000084400000, 0x0000000084400000| Untracked 
|  39|0x0000000084500000, 0x0000000084500000, 0x0000000084600000|  0%| F|  |TAMS 0x0000000084500000, 0x0000000084500000| Untracked 
|  40|0x0000000084600000, 0x0000000084600000, 0x0000000084700000|  0%| F|  |TAMS 0x0000000084600000, 0x0000000084600000| Untracked 
|  41|0x0000000084700000, 0x0000000084700000, 0x0000000084800000|  0%| F|  |TAMS 0x0000000084700000, 0x0000000084700000| Untracked 
|  42|0x0000000084800000, 0x0000000084800000, 0x0000000084900000|  0%| F|  |TAMS 0x0000000084800000, 0x0000000084800000| Untracked 
|  43|0x0000000084900000, 0x0000000084900000, 0x0000000084a00000|  0%| F|  |TAMS 0x0000000084900000, 0x0000000084900000| Untracked 
|  44|0x0000000084a00000, 0x0000000084a00000, 0x0000000084b00000|  0%| F|  |TAMS 0x0000000084a00000, 0x0000000084a00000| Untracked 
|  45|0x0000000084b00000, 0x0000000084b00000, 0x0000000084c00000|  0%| F|  |TAMS 0x0000000084b00000, 0x0000000084b00000| Untracked 
|  46|0x0000000084c00000, 0x0000000084c00000, 0x0000000084d00000|  0%| F|  |TAMS 0x0000000084c00000, 0x0000000084c00000| Untracked 
|  47|0x0000000084d00000, 0x0000000084d00000, 0x0000000084e00000|  0%| F|  |TAMS 0x0000000084d00000, 0x0000000084d00000| Untracked 
|  48|0x0000000084e00000, 0x0000000084e00000, 0x0000000084f00000|  0%| F|  |TAMS 0x0000000084e00000, 0x0000000084e00000| Untracked 
|  49|0x0000000084f00000, 0x0000000084f00000, 0x0000000085000000|  0%| F|  |TAMS 0x0000000084f00000, 0x0000000084f00000| Untracked 
|  50|0x0000000085000000, 0x0000000085000000, 0x0000000085100000|  0%| F|  |TAMS 0x0000000085000000, 0x0000000085000000| Untracked 
|  51|0x0000000085100000, 0x0000000085100000, 0x0000000085200000|  0%| F|  |TAMS 0x0000000085100000, 0x0000000085100000| Untracked 
|  52|0x0000000085200000, 0x000000008525a0f0, 0x0000000085300000| 35%| S|CS|TAMS 0x0000000085200000, 0x0000000085200000| Complete 
|  53|0x0000000085300000, 0x0000000085400000, 0x0000000085400000|100%| S|CS|TAMS 0x0000000085300000, 0x0000000085300000| Complete 
|  54|0x0000000085400000, 0x0000000085500000, 0x0000000085500000|100%| S|CS|TAMS 0x0000000085400000, 0x0000000085400000| Complete 
|  55|0x0000000085500000, 0x0000000085600000, 0x0000000085600000|100%| S|CS|TAMS 0x0000000085500000, 0x0000000085500000| Complete 
|  56|0x0000000085600000, 0x0000000085600000, 0x0000000085700000|  0%| F|  |TAMS 0x0000000085600000, 0x0000000085600000| Untracked 
|  57|0x0000000085700000, 0x0000000085700000, 0x0000000085800000|  0%| F|  |TAMS 0x0000000085700000, 0x0000000085700000| Untracked 
|  58|0x0000000085800000, 0x0000000085800000, 0x0000000085900000|  0%| F|  |TAMS 0x0000000085800000, 0x0000000085800000| Untracked 
|  59|0x0000000085900000, 0x0000000085900000, 0x0000000085a00000|  0%| F|  |TAMS 0x0000000085900000, 0x0000000085900000| Untracked 
|  60|0x0000000085a00000, 0x0000000085a00000, 0x0000000085b00000|  0%| F|  |TAMS 0x0000000085a00000, 0x0000000085a00000| Untracked 
|  61|0x0000000085b00000, 0x0000000085b00000, 0x0000000085c00000|  0%| F|  |TAMS 0x0000000085b00000, 0x0000000085b00000| Untracked 
|  62|0x0000000085c00000, 0x0000000085c00000, 0x0000000085d00000|  0%| F|  |TAMS 0x0000000085c00000, 0x0000000085c00000| Untracked 
|  63|0x0000000085d00000, 0x0000000085d00000, 0x0000000085e00000|  0%| F|  |TAMS 0x0000000085d00000, 0x0000000085d00000| Untracked 
|  64|0x0000000085e00000, 0x0000000085e00000, 0x0000000085f00000|  0%| F|  |TAMS 0x0000000085e00000, 0x0000000085e00000| Untracked 
|  65|0x0000000085f00000, 0x0000000085f00000, 0x0000000086000000|  0%| F|  |TAMS 0x0000000085f00000, 0x0000000085f00000| Untracked 
|  66|0x0000000086000000, 0x0000000086000000, 0x0000000086100000|  0%| F|  |TAMS 0x0000000086000000, 0x0000000086000000| Untracked 
|  67|0x0000000086100000, 0x0000000086100000, 0x0000000086200000|  0%| F|  |TAMS 0x0000000086100000, 0x0000000086100000| Untracked 
|  68|0x0000000086200000, 0x0000000086200000, 0x0000000086300000|  0%| F|  |TAMS 0x0000000086200000, 0x0000000086200000| Untracked 
|  69|0x0000000086300000, 0x0000000086300000, 0x0000000086400000|  0%| F|  |TAMS 0x0000000086300000, 0x0000000086300000| Untracked 
|  70|0x0000000086400000, 0x0000000086400000, 0x0000000086500000|  0%| F|  |TAMS 0x0000000086400000, 0x0000000086400000| Untracked 
|  71|0x0000000086500000, 0x0000000086500000, 0x0000000086600000|  0%| F|  |TAMS 0x0000000086500000, 0x0000000086500000| Untracked 
|  72|0x0000000086600000, 0x0000000086600000, 0x0000000086700000|  0%| F|  |TAMS 0x0000000086600000, 0x0000000086600000| Untracked 
|  73|0x0000000086700000, 0x0000000086700000, 0x0000000086800000|  0%| F|  |TAMS 0x0000000086700000, 0x0000000086700000| Untracked 
|  74|0x0000000086800000, 0x0000000086800000, 0x0000000086900000|  0%| F|  |TAMS 0x0000000086800000, 0x0000000086800000| Untracked 
|  75|0x0000000086900000, 0x0000000086900000, 0x0000000086a00000|  0%| F|  |TAMS 0x0000000086900000, 0x0000000086900000| Untracked 
|  76|0x0000000086a00000, 0x0000000086a00000, 0x0000000086b00000|  0%| F|  |TAMS 0x0000000086a00000, 0x0000000086a00000| Untracked 
|  77|0x0000000086b00000, 0x0000000086b00000, 0x0000000086c00000|  0%| F|  |TAMS 0x0000000086b00000, 0x0000000086b00000| Untracked 
|  78|0x0000000086c00000, 0x0000000086c00000, 0x0000000086d00000|  0%| F|  |TAMS 0x0000000086c00000, 0x0000000086c00000| Untracked 
|  79|0x0000000086d00000, 0x0000000086d00000, 0x0000000086e00000|  0%| F|  |TAMS 0x0000000086d00000, 0x0000000086d00000| Untracked 
|  80|0x0000000086e00000, 0x0000000086e00000, 0x0000000086f00000|  0%| F|  |TAMS 0x0000000086e00000, 0x0000000086e00000| Untracked 
|  81|0x0000000086f00000, 0x0000000086f00000, 0x0000000087000000|  0%| F|  |TAMS 0x0000000086f00000, 0x0000000086f00000| Untracked 
|  82|0x0000000087000000, 0x0000000087000000, 0x0000000087100000|  0%| F|  |TAMS 0x0000000087000000, 0x0000000087000000| Untracked 
|  83|0x0000000087100000, 0x0000000087100000, 0x0000000087200000|  0%| F|  |TAMS 0x0000000087100000, 0x0000000087100000| Untracked 
|  84|0x0000000087200000, 0x0000000087200000, 0x0000000087300000|  0%| F|  |TAMS 0x0000000087200000, 0x0000000087200000| Untracked 
|  85|0x0000000087300000, 0x0000000087300000, 0x0000000087400000|  0%| F|  |TAMS 0x0000000087300000, 0x0000000087300000| Untracked 
|  86|0x0000000087400000, 0x0000000087400000, 0x0000000087500000|  0%| F|  |TAMS 0x0000000087400000, 0x0000000087400000| Untracked 
|  87|0x0000000087500000, 0x0000000087500000, 0x0000000087600000|  0%| F|  |TAMS 0x0000000087500000, 0x0000000087500000| Untracked 
|  88|0x0000000087600000, 0x0000000087600000, 0x0000000087700000|  0%| F|  |TAMS 0x0000000087600000, 0x0000000087600000| Untracked 
|  89|0x0000000087700000, 0x0000000087700000, 0x0000000087800000|  0%| F|  |TAMS 0x0000000087700000, 0x0000000087700000| Untracked 
|  90|0x0000000087800000, 0x0000000087800000, 0x0000000087900000|  0%| F|  |TAMS 0x0000000087800000, 0x0000000087800000| Untracked 
|  91|0x0000000087900000, 0x0000000087900000, 0x0000000087a00000|  0%| F|  |TAMS 0x0000000087900000, 0x0000000087900000| Untracked 
|  92|0x0000000087a00000, 0x0000000087a00000, 0x0000000087b00000|  0%| F|  |TAMS 0x0000000087a00000, 0x0000000087a00000| Untracked 
|  93|0x0000000087b00000, 0x0000000087b00000, 0x0000000087c00000|  0%| F|  |TAMS 0x0000000087b00000, 0x0000000087b00000| Untracked 
|  94|0x0000000087c00000, 0x0000000087c00000, 0x0000000087d00000|  0%| F|  |TAMS 0x0000000087c00000, 0x0000000087c00000| Untracked 
|  95|0x0000000087d00000, 0x0000000087d00000, 0x0000000087e00000|  0%| F|  |TAMS 0x0000000087d00000, 0x0000000087d00000| Untracked 
|  96|0x0000000087e00000, 0x0000000087e00000, 0x0000000087f00000|  0%| F|  |TAMS 0x0000000087e00000, 0x0000000087e00000| Untracked 
|  97|0x0000000087f00000, 0x0000000087f00000, 0x0000000088000000|  0%| F|  |TAMS 0x0000000087f00000, 0x0000000087f00000| Untracked 
|  98|0x0000000088000000, 0x0000000088000000, 0x0000000088100000|  0%| F|  |TAMS 0x0000000088000000, 0x0000000088000000| Untracked 
|  99|0x0000000088100000, 0x0000000088100000, 0x0000000088200000|  0%| F|  |TAMS 0x0000000088100000, 0x0000000088100000| Untracked 
| 100|0x0000000088200000, 0x0000000088200000, 0x0000000088300000|  0%| F|  |TAMS 0x0000000088200000, 0x0000000088200000| Untracked 
| 101|0x0000000088300000, 0x0000000088300000, 0x0000000088400000|  0%| F|  |TAMS 0x0000000088300000, 0x0000000088300000| Untracked 
| 102|0x0000000088400000, 0x0000000088400000, 0x0000000088500000|  0%| F|  |TAMS 0x0000000088400000, 0x0000000088400000| Untracked 
| 103|0x0000000088500000, 0x0000000088500000, 0x0000000088600000|  0%| F|  |TAMS 0x0000000088500000, 0x0000000088500000| Untracked 
| 104|0x0000000088600000, 0x0000000088600000, 0x0000000088700000|  0%| F|  |TAMS 0x0000000088600000, 0x0000000088600000| Untracked 
| 105|0x0000000088700000, 0x0000000088700000, 0x0000000088800000|  0%| F|  |TAMS 0x0000000088700000, 0x0000000088700000| Untracked 
| 106|0x0000000088800000, 0x0000000088800000, 0x0000000088900000|  0%| F|  |TAMS 0x0000000088800000, 0x0000000088800000| Untracked 
| 107|0x0000000088900000, 0x0000000088900000, 0x0000000088a00000|  0%| F|  |TAMS 0x0000000088900000, 0x0000000088900000| Untracked 
| 108|0x0000000088a00000, 0x0000000088a00000, 0x0000000088b00000|  0%| F|  |TAMS 0x0000000088a00000, 0x0000000088a00000| Untracked 
| 109|0x0000000088b00000, 0x0000000088b00000, 0x0000000088c00000|  0%| F|  |TAMS 0x0000000088b00000, 0x0000000088b00000| Untracked 
| 110|0x0000000088c00000, 0x0000000088c00000, 0x0000000088d00000|  0%| F|  |TAMS 0x0000000088c00000, 0x0000000088c00000| Untracked 
| 111|0x0000000088d00000, 0x0000000088d00000, 0x0000000088e00000|  0%| F|  |TAMS 0x0000000088d00000, 0x0000000088d00000| Untracked 
| 112|0x0000000088e00000, 0x0000000088e00000, 0x0000000088f00000|  0%| F|  |TAMS 0x0000000088e00000, 0x0000000088e00000| Untracked 
| 113|0x0000000088f00000, 0x0000000088f00000, 0x0000000089000000|  0%| F|  |TAMS 0x0000000088f00000, 0x0000000088f00000| Untracked 
| 114|0x0000000089000000, 0x0000000089080800, 0x0000000089100000| 50%| E|  |TAMS 0x0000000089000000, 0x0000000089000000| Complete 
| 115|0x0000000089100000, 0x0000000089200000, 0x0000000089200000|100%| E|CS|TAMS 0x0000000089100000, 0x0000000089100000| Complete 
| 116|0x0000000089200000, 0x0000000089300000, 0x0000000089300000|100%| E|CS|TAMS 0x0000000089200000, 0x0000000089200000| Complete 
| 117|0x0000000089300000, 0x0000000089400000, 0x0000000089400000|100%| E|CS|TAMS 0x0000000089300000, 0x0000000089300000| Complete 
| 118|0x0000000089400000, 0x0000000089500000, 0x0000000089500000|100%| E|CS|TAMS 0x0000000089400000, 0x0000000089400000| Complete 
| 127|0x0000000089d00000, 0x0000000089e00000, 0x0000000089e00000|100%| E|CS|TAMS 0x0000000089d00000, 0x0000000089d00000| Complete 

Card table byte_map: [0x000002d8f4140000,0x000002d8f4540000] _byte_map_base: 0x000002d8f3d31000

Marking Bits (Prev, Next): (CMBitMap*) 0x000002d8e973f1a8, (CMBitMap*) 0x000002d8e973f168
 Prev Bits: [0x000002d8f68d0000, 0x000002d8f8858000)
 Next Bits: [0x000002d8f4940000, 0x000002d8f68c8000)

Polling page: 0x000002d8e97d0000

Metaspace:

Usage:
  Non-class:     54.31 MB capacity,    52.93 MB ( 97%) used,     1.10 MB (  2%) free+waste,   282.13 KB ( <1%) overhead. 
      Class:      9.37 MB capacity,     8.48 MB ( 90%) used,   775.60 KB (  8%) free+waste,   137.00 KB (  1%) overhead. 
       Both:     63.68 MB capacity,    61.41 MB ( 96%) used,     1.86 MB (  3%) free+waste,   419.13 KB ( <1%) overhead. 

Virtual space:
  Non-class space:       56.00 MB reserved,      54.42 MB ( 97%) committed 
      Class space:        1.00 GB reserved,       9.38 MB ( <1%) committed 
             Both:        1.05 GB reserved,      63.80 MB (  6%) committed 

Chunk freelists:
   Non-Class:  6.38 KB
       Class:  640 bytes
        Both:  7.00 KB

CodeHeap 'non-profiled nmethods': size=120000Kb used=2910Kb max_used=2910Kb free=117089Kb
 bounds [0x000002d887ad0000, 0x000002d887db0000, 0x000002d88f000000]
CodeHeap 'profiled nmethods': size=120000Kb used=12892Kb max_used=12892Kb free=107107Kb
 bounds [0x000002d8805a0000, 0x000002d881240000, 0x000002d887ad0000]
CodeHeap 'non-nmethods': size=5760Kb used=1241Kb max_used=1297Kb free=4519Kb
 bounds [0x000002d880000000, 0x000002d880270000, 0x000002d8805a0000]
 total_blobs=7422 nmethods=5555 adapters=509
 compilation: enabled
              stopped_count=0, restarted_count=0
 full_count=0

Compilation events (10 events):
Event: 24.378 Thread 0x000002d8fb356000 6011       1       antlr.ANTLRStringBuffer::length (5 bytes)
Event: 24.378 Thread 0x000002d8fb356000 nmethod 6011 0x000002d887da6c90 code [0x000002d887da6e40, 0x000002d887da6f78]
Event: 24.378 Thread 0x000002d8fb356000 6013       1       antlr.Token::getType (5 bytes)
Event: 24.378 Thread 0x000002d8fb356000 nmethod 6013 0x000002d887da7010 code [0x000002d887da71c0, 0x000002d887da72f8]
Event: 24.385 Thread 0x000002d8fb356000 6014       2       java.util.regex.Pattern$BmpCharPredicate$$Lambda$1003/0x0000000801729440::is (13 bytes)
Event: 24.385 Thread 0x000002d8fb356000 nmethod 6014 0x000002d88123af10 code [0x000002d88123b0e0, 0x000002d88123b360]
Event: 24.385 Thread 0x000002d8fb356000 6015       2       java.util.regex.Pattern$BmpCharPredicate::lambda$union$3 (26 bytes)
Event: 24.386 Thread 0x000002d8fb356000 nmethod 6015 0x000002d88123b490 code [0x000002d88123b660, 0x000002d88123b860]
Event: 24.386 Thread 0x000002d8fb356000 6016       1       antlr.BaseAST::getNextSibling (5 bytes)
Event: 24.386 Thread 0x000002d8fb356000 nmethod 6016 0x000002d887da7390 code [0x000002d887da7540, 0x000002d887da7678]

GC Heap History (10 events):
Event: 20.870 GC heap before
{Heap before GC invocations=19 (full 0):
 garbage-first heap   total 84992K, used 66451K [0x0000000081e00000, 0x0000000100000000)
  region size 1024K, 39 young (39936K), 3 survivors (3072K)
 Metaspace       used 56361K, capacity 58317K, committed 58416K, reserved 1099776K
  class space    used 7780K, capacity 8576K, committed 8576K, reserved 1048576K
}
Event: 20.890 GC heap after
{Heap after GC invocations=20 (full 0):
 garbage-first heap   total 102400K, used 31989K [0x0000000081e00000, 0x0000000100000000)
  region size 1024K, 4 young (4096K), 4 survivors (4096K)
 Metaspace       used 56361K, capacity 58317K, committed 58416K, reserved 1099776K
  class space    used 7780K, capacity 8576K, committed 8576K, reserved 1048576K
}
Event: 21.610 GC heap before
{Heap before GC invocations=20 (full 0):
 garbage-first heap   total 102400K, used 66805K [0x0000000081e00000, 0x0000000100000000)
  region size 1024K, 39 young (39936K), 4 survivors (4096K)
 Metaspace       used 57576K, capacity 59631K, committed 59696K, reserved 1099776K
  class space    used 7970K, capacity 8803K, committed 8832K, reserved 1048576K
}
Event: 21.635 GC heap after
{Heap after GC invocations=21 (full 0):
 garbage-first heap   total 102400K, used 34012K [0x0000000081e00000, 0x0000000100000000)
  region size 1024K, 5 young (5120K), 5 survivors (5120K)
 Metaspace       used 57576K, capacity 59631K, committed 59696K, reserved 1099776K
  class space    used 7970K, capacity 8803K, committed 8832K, reserved 1048576K
}
Event: 22.522 GC heap before
{Heap before GC invocations=22 (full 0):
 garbage-first heap   total 102400K, used 74972K [0x0000000081e00000, 0x0000000100000000)
  region size 1024K, 45 young (46080K), 5 survivors (5120K)
 Metaspace       used 59038K, capacity 61152K, committed 61232K, reserved 1101824K
  class space    used 8204K, capacity 9072K, committed 9088K, reserved 1048576K
}
Event: 22.551 GC heap after
{Heap after GC invocations=23 (full 0):
 garbage-first heap   total 102400K, used 35765K [0x0000000081e00000, 0x0000000100000000)
  region size 1024K, 4 young (4096K), 4 survivors (4096K)
 Metaspace       used 59038K, capacity 61152K, committed 61232K, reserved 1101824K
  class space    used 8204K, capacity 9072K, committed 9088K, reserved 1048576K
}
Event: 23.277 GC heap before
{Heap before GC invocations=23 (full 0):
 garbage-first heap   total 102400K, used 76725K [0x0000000081e00000, 0x0000000100000000)
  region size 1024K, 44 young (45056K), 4 survivors (4096K)
 Metaspace       used 59702K, capacity 61936K, committed 62128K, reserved 1101824K
  class space    used 8281K, capacity 9156K, committed 9216K, reserved 1048576K
}
Event: 23.297 GC heap after
{Heap after GC invocations=24 (full 0):
 garbage-first heap   total 102400K, used 37985K [0x0000000081e00000, 0x0000000100000000)
  region size 1024K, 4 young (4096K), 4 survivors (4096K)
 Metaspace       used 59702K, capacity 61936K, committed 62128K, reserved 1101824K
  class space    used 8281K, capacity 9156K, committed 9216K, reserved 1048576K
}
Event: 24.262 GC heap before
{Heap before GC invocations=24 (full 0):
 garbage-first heap   total 102400K, used 78945K [0x0000000081e00000, 0x0000000100000000)
  region size 1024K, 44 young (45056K), 4 survivors (4096K)
 Metaspace       used 61925K, capacity 64202K, committed 64560K, reserved 1103872K
  class space    used 8581K, capacity 9497K, committed 9600K, reserved 1048576K
}
Event: 24.284 GC heap after
{Heap after GC invocations=25 (full 0):
 garbage-first heap   total 122880K, used 39015K [0x0000000081e00000, 0x0000000100000000)
  region size 1024K, 4 young (4096K), 4 survivors (4096K)
 Metaspace       used 61925K, capacity 64202K, committed 64560K, reserved 1103872K
  class space    used 8581K, capacity 9497K, committed 9600K, reserved 1048576K
}

Deoptimization events (10 events):
Event: 20.621 Thread 0x000002d8e9701000 Uncommon trap: reason=unstable_if action=reinterpret pc=0x000002d887d03a5c method=org.springframework.beans.factory.support.AbstractBeanFactory.isTypeMatch(Ljava/lang/String;Lorg/springframework/core/ResolvableType;Z)Z @ 581 c2
Event: 21.285 Thread 0x000002d8e9701000 Uncommon trap: reason=unstable_if action=reinterpret pc=0x000002d887c85f00 method=org.springframework.beans.factory.support.DefaultSingletonBeanRegistry.getSingleton(Ljava/lang/String;Z)Ljava/lang/Object; @ 39 c2
Event: 21.345 Thread 0x000002d8e9701000 Uncommon trap: reason=unstable_if action=reinterpret pc=0x000002d887b89024 method=java.util.concurrent.ConcurrentHashMap.transfer([Ljava/util/concurrent/ConcurrentHashMap$Node;[Ljava/util/concurrent/ConcurrentHashMap$Node;)V @ 352 c2
Event: 21.826 Thread 0x000002d8e9701000 Uncommon trap: reason=class_check action=maybe_recompile pc=0x000002d887d67098 method=org.springframework.core.annotation.AnnotationsScanner.processMethodHierarchy(Ljava/lang/Object;[ILjava/lang/Class;Lorg/springframework/core/annotation/AnnotationsProces
Event: 21.827 Thread 0x000002d8e9701000 Uncommon trap: reason=class_check action=maybe_recompile pc=0x000002d887d67098 method=org.springframework.core.annotation.AnnotationsScanner.processMethodHierarchy(Ljava/lang/Object;[ILjava/lang/Class;Lorg/springframework/core/annotation/AnnotationsProces
Event: 21.827 Thread 0x000002d8e9701000 Uncommon trap: reason=class_check action=maybe_recompile pc=0x000002d887d67098 method=org.springframework.core.annotation.AnnotationsScanner.processMethodHierarchy(Ljava/lang/Object;[ILjava/lang/Class;Lorg/springframework/core/annotation/AnnotationsProces
Event: 21.827 Thread 0x000002d8e9701000 Uncommon trap: reason=class_check action=maybe_recompile pc=0x000002d887d67098 method=org.springframework.core.annotation.AnnotationsScanner.processMethodHierarchy(Ljava/lang/Object;[ILjava/lang/Class;Lorg/springframework/core/annotation/AnnotationsProces
Event: 23.016 Thread 0x000002d8e9701000 Uncommon trap: reason=null_check action=make_not_entrant pc=0x000002d887c1e5c8 method=org.springframework.util.ClassUtils.isAssignable(Ljava/lang/Class;Ljava/lang/Class;)Z @ 14 c2
Event: 23.708 Thread 0x000002d8e9701000 Uncommon trap: reason=unstable_if action=reinterpret pc=0x000002d887ba0c0c method=org.springframework.util.ConcurrentReferenceHashMap$Segment.clear()V @ 7 c2
Event: 23.762 Thread 0x000002d8e9701000 Uncommon trap: reason=unstable_if action=reinterpret pc=0x000002d887b28bb0 method=java.util.LinkedHashMap.get(Ljava/lang/Object;)Ljava/lang/Object; @ 20 c2

Classes redefined (0 events):
No events

Internal exceptions (10 events):
Event: 23.691 Thread 0x000002d8e9701000 Exception <a 'java/lang/NoSuchMethodError'{0x0000000086ab0780}: java.lang.invoke.DirectMethodHandle$Holder.invokeSpecial(Ljava/lang/Object;Ljava/lang/Object;ILjava/lang/Object;ILjava/lang/Object;)Ljava/lang/Object;> (0x0000000086ab0780) thrown at [t:/work
Event: 23.692 Thread 0x000002d8e9701000 Exception <a 'java/lang/NoSuchMethodError'{0x0000000086ab7dd0}: java.lang.invoke.DirectMethodHandle$Holder.invokeStatic(Ljava/lang/Object;Ljava/lang/Object;ILjava/lang/Object;I)Ljava/lang/Object;> (0x0000000086ab7dd0) thrown at [t:/workspace/open/src/hots
Event: 23.693 Thread 0x000002d8e9701000 Exception <a 'java/lang/NoSuchMethodError'{0x0000000086abb6c0}: java.lang.invoke.DirectMethodHandle$Holder.invokeSpecial(Ljava/lang/Object;Ljava/lang/Object;Ljava/lang/Object;ILjava/lang/Object;I)Ljava/lang/Object;> (0x0000000086abb6c0) thrown at [t:/work
Event: 23.696 Thread 0x000002d8e9701000 Exception <a 'java/lang/NoSuchMethodError'{0x0000000086ac7920}: java.lang.invoke.DirectMethodHandle$Holder.invokeVirtual(Ljava/lang/Object;Ljava/lang/Object;)V> (0x0000000086ac7920) thrown at [t:/workspace/open/src/hotspot/share/interpreter/linkResolver.c
Event: 23.764 Thread 0x000002d8e9701000 Exception <a 'java/lang/ClassNotFoundException'{0x00000000868d77f8}: java/lang/ObjectCustomizer> (0x00000000868d77f8) thrown at [t:/workspace/open/src/hotspot/share/classfile/systemDictionary.cpp, line 235]
Event: 23.765 Thread 0x000002d8e9701000 Exception <a 'java/lang/ClassNotFoundException'{0x00000000868f7cb0}: com/scheduleproject/services/LessonServiceTestCustomizer> (0x00000000868f7cb0) thrown at [t:/workspace/open/src/hotspot/share/classfile/systemDictionary.cpp, line 235]
Event: 24.035 Thread 0x000002d8e9701000 Exception <a 'java/lang/ClassNotFoundException'{0x00000000860f57f8}: java/lang/ObjectCustomizer> (0x00000000860f57f8) thrown at [t:/workspace/open/src/hotspot/share/classfile/systemDictionary.cpp, line 235]
Event: 24.037 Thread 0x000002d8e9701000 Exception <a 'java/lang/ClassNotFoundException'{0x0000000085f14e18}: com/scheduleproject/entities/SubjectCustomizer> (0x0000000085f14e18) thrown at [t:/workspace/open/src/hotspot/share/classfile/systemDictionary.cpp, line 235]
Event: 24.183 Thread 0x000002d8e9701000 Exception <a 'java/lang/ClassNotFoundException'{0x0000000085ca15a0}: java/lang/ObjectCustomizer> (0x0000000085ca15a0) thrown at [t:/workspace/open/src/hotspot/share/classfile/systemDictionary.cpp, line 235]
Event: 24.185 Thread 0x000002d8e9701000 Exception <a 'java/lang/ClassNotFoundException'{0x0000000085cc0738}: com/scheduleproject/entities/StudentCustomizer> (0x0000000085cc0738) thrown at [t:/workspace/open/src/hotspot/share/classfile/systemDictionary.cpp, line 235]

Events (10 events):
Event: 24.449 loading class org/hibernate/internal/CoreMessageLogger_$logger_ru
Event: 24.449 loading class org/hibernate/internal/CoreMessageLogger_$logger_ru done
Event: 24.451 loading class org/hibernate/hql/internal/ast/util/LiteralProcessor$DecimalLiteralFormat
Event: 24.451 loading class org/hibernate/hql/internal/ast/util/LiteralProcessor$DecimalLiteralFormat done
Event: 24.452 loading class org/hibernate/hql/internal/ast/util/LiteralProcessor$DecimalLiteralFormat$1
Event: 24.452 loading class org/hibernate/hql/internal/ast/util/LiteralProcessor$DecimalLiteralFormat$1 done
Event: 24.453 loading class org/hibernate/hql/internal/ast/util/LiteralProcessor$DecimalLiteralFormat$2
Event: 24.453 loading class org/hibernate/hql/internal/ast/util/LiteralProcessor$DecimalLiteralFormat$2 done
Event: 24.454 loading class org/hibernate/hql/internal/ast/util/LiteralProcessor$DecimalFormatter
Event: 24.454 loading class org/hibernate/hql/internal/ast/util/LiteralProcessor$DecimalFormatter done


Dynamic libraries:
0x00007ff76c820000 - 0x00007ff76c82f000 	C:\Program Files\Java\jdk-12.0.1\bin\java.exe
0x00007ffbf79f0000 - 0x00007ffbf7be8000 	C:\WINDOWS\SYSTEM32\ntdll.dll
0x00007ffbf6280000 - 0x00007ffbf633d000 	C:\WINDOWS\System32\KERNEL32.DLL
0x00007ffbf5110000 - 0x00007ffbf53de000 	C:\WINDOWS\System32\KERNELBASE.dll
0x00007ffbef960000 - 0x00007ffbef978000 	C:\Program Files\Java\jdk-12.0.1\bin\jli.dll
0x00007ffbf55d0000 - 0x00007ffbf56d0000 	C:\WINDOWS\System32\ucrtbase.dll
0x00007ffbedda0000 - 0x00007ffbeddb6000 	C:\Program Files\Java\jdk-12.0.1\bin\VCRUNTIME140.dll
0x00007ffbf61d0000 - 0x00007ffbf627e000 	C:\WINDOWS\System32\ADVAPI32.dll
0x00007ffbf7880000 - 0x00007ffbf791e000 	C:\WINDOWS\System32\msvcrt.dll
0x00007ffbf5fa0000 - 0x00007ffbf603c000 	C:\WINDOWS\System32\sechost.dll
0x00007ffbf5a50000 - 0x00007ffbf5b75000 	C:\WINDOWS\System32\RPCRT4.dll
0x00007ffbf6560000 - 0x00007ffbf6700000 	C:\WINDOWS\System32\USER32.dll
0x00007ffbf5940000 - 0x00007ffbf5962000 	C:\WINDOWS\System32\win32u.dll
0x00007ffbf6b80000 - 0x00007ffbf6baa000 	C:\WINDOWS\System32\GDI32.dll
0x00007ffbf56d0000 - 0x00007ffbf57db000 	C:\WINDOWS\System32\gdi32full.dll
0x00007ffbf54a0000 - 0x00007ffbf553d000 	C:\WINDOWS\System32\msvcp_win.dll
0x00007ffbf44c0000 - 0x00007ffbf475a000 	C:\WINDOWS\WinSxS\amd64_microsoft.windows.common-controls_6595b64144ccf1df_6.0.19041.1110_none_60b5254171f9507e\COMCTL32.dll
0x00007ffbf38c0000 - 0x00007ffbf38ca000 	C:\WINDOWS\SYSTEM32\VERSION.dll
0x00007ffbf7420000 - 0x00007ffbf7450000 	C:\WINDOWS\System32\IMM32.DLL
0x00007ffbcb300000 - 0x00007ffbcb3aa000 	C:\Program Files\Java\jdk-12.0.1\bin\msvcp140.dll
0x00007ffb76b40000 - 0x00007ffb776b4000 	C:\Program Files\Java\jdk-12.0.1\bin\server\jvm.dll
0x00007ffbf6550000 - 0x00007ffbf6558000 	C:\WINDOWS\System32\PSAPI.DLL
0x00007ffbdc3f0000 - 0x00007ffbdc3f9000 	C:\WINDOWS\SYSTEM32\WSOCK32.dll
0x00007ffbf7450000 - 0x00007ffbf74bb000 	C:\WINDOWS\System32\WS2_32.dll
0x00007ffbdc9d0000 - 0x00007ffbdc9f7000 	C:\WINDOWS\SYSTEM32\WINMM.dll
0x00007ffbf3880000 - 0x00007ffbf3892000 	C:\WINDOWS\SYSTEM32\kernel.appcore.dll
0x00007ffbec920000 - 0x00007ffbec931000 	C:\Program Files\Java\jdk-12.0.1\bin\verify.dll
0x00007ffbf4aa0000 - 0x00007ffbf4c84000 	C:\WINDOWS\SYSTEM32\DBGHELP.DLL
0x00007ffbf4a10000 - 0x00007ffbf4a3c000 	C:\WINDOWS\SYSTEM32\dbgcore.DLL
0x00007ffbf5540000 - 0x00007ffbf55c2000 	C:\WINDOWS\System32\bcryptPrimitives.dll
0x00007ffbddfc0000 - 0x00007ffbddfe6000 	C:\Program Files\Java\jdk-12.0.1\bin\java.dll
0x00007ffbdde70000 - 0x00007ffbdde7e000 	C:\Program Files\Java\jdk-12.0.1\bin\instrument.dll
0x00007ffbec020000 - 0x00007ffbec037000 	C:\Program Files\Java\jdk-12.0.1\bin\zip.dll
0x00007ffbedd90000 - 0x00007ffbedd9a000 	C:\Program Files\Java\jdk-12.0.1\bin\jimage.dll
0x00007ffbf6bb0000 - 0x00007ffbf72f4000 	C:\WINDOWS\System32\SHELL32.dll
0x00007ffbf30e0000 - 0x00007ffbf3874000 	C:\WINDOWS\SYSTEM32\windows.storage.dll
0x00007ffbf5c40000 - 0x00007ffbf5f94000 	C:\WINDOWS\System32\combase.dll
0x00007ffbf4340000 - 0x00007ffbf4370000 	C:\WINDOWS\SYSTEM32\Wldp.dll
0x00007ffbf6040000 - 0x00007ffbf60ed000 	C:\WINDOWS\System32\SHCORE.dll
0x00007ffbf6340000 - 0x00007ffbf6395000 	C:\WINDOWS\System32\shlwapi.dll
0x00007ffbf5050000 - 0x00007ffbf506f000 	C:\WINDOWS\SYSTEM32\profapi.dll
0x00007ffbe8930000 - 0x00007ffbe8949000 	C:\Program Files\Java\jdk-12.0.1\bin\net.dll
0x00007ffbe7d30000 - 0x00007ffbe7e3a000 	C:\WINDOWS\SYSTEM32\WINHTTP.dll
0x00007ffbdf9b0000 - 0x00007ffbdfb9c000 	C:\WINDOWS\SYSTEM32\urlmon.dll
0x00007ffbf3f40000 - 0x00007ffbf3f4c000 	C:\WINDOWS\SYSTEM32\netutils.dll
0x00007ffbdf980000 - 0x00007ffbdf9a8000 	C:\WINDOWS\SYSTEM32\srvcli.dll
0x00007ffbdfd80000 - 0x00007ffbe0031000 	C:\WINDOWS\SYSTEM32\iertutil.dll
0x00007ffbf4120000 - 0x00007ffbf418a000 	C:\WINDOWS\system32\mswsock.dll
0x00007ffbdd6a0000 - 0x00007ffbdd6b3000 	C:\Program Files\Java\jdk-12.0.1\bin\nio.dll
0x00007ffbdc6c0000 - 0x00007ffbdc6da000 	C:\Program Files\JetBrains\IntelliJ IDEA 2021.2.3\bin\breakgen64.dll
0x00007ffbec8f0000 - 0x00007ffbec8f9000 	C:\Program Files\Java\jdk-12.0.1\bin\management.dll
0x00007ffbed2b0000 - 0x00007ffbed2bc000 	C:\Program Files\Java\jdk-12.0.1\bin\management_ext.dll
0x00007ffbe5ab0000 - 0x00007ffbe5ac7000 	C:\WINDOWS\system32\napinsp.dll
0x00007ffbe5a90000 - 0x00007ffbe5aab000 	C:\WINDOWS\system32\pnrpnsp.dll
0x00007ffbeebd0000 - 0x00007ffbeebe5000 	C:\WINDOWS\system32\wshbth.dll
0x00007ffbef720000 - 0x00007ffbef73d000 	C:\WINDOWS\system32\NLAapi.dll
0x00007ffbf3e30000 - 0x00007ffbf3e6b000 	C:\WINDOWS\SYSTEM32\IPHLPAPI.DLL
0x00007ffbf3e70000 - 0x00007ffbf3f3a000 	C:\WINDOWS\SYSTEM32\DNSAPI.dll
0x00007ffbf7790000 - 0x00007ffbf7798000 	C:\WINDOWS\System32\NSI.dll
0x00007ffbb8a70000 - 0x00007ffbb8a82000 	C:\WINDOWS\System32\winrnr.dll
0x00007ffbe7b20000 - 0x00007ffbe7b2a000 	C:\Windows\System32\rasadhlp.dll
0x00007ffbde3d0000 - 0x00007ffbde450000 	C:\WINDOWS\System32\fwpuclnt.dll
0x00007ffbf5a20000 - 0x00007ffbf5a47000 	C:\WINDOWS\System32\bcrypt.dll
0x00007ffbf4e30000 - 0x00007ffbf4e48000 	C:\WINDOWS\SYSTEM32\CRYPTSP.dll
0x00007ffbf3ae0000 - 0x00007ffbf3b14000 	C:\WINDOWS\system32\rsaenh.dll
0x00007ffbf4fd0000 - 0x00007ffbf4ffe000 	C:\WINDOWS\SYSTEM32\USERENV.dll
0x00007ffbf42b0000 - 0x00007ffbf42bc000 	C:\WINDOWS\SYSTEM32\CRYPTBASE.dll
0x00007ffbe67a0000 - 0x00007ffbe67b7000 	C:\WINDOWS\SYSTEM32\dhcpcsvc6.DLL
0x00007ffbe6780000 - 0x00007ffbe679d000 	C:\WINDOWS\SYSTEM32\dhcpcsvc.DLL

dbghelp: loaded successfully - version: 4.0.5 - missing functions: none
symbol engine: initialized successfully - sym options: 0x614 - pdb path: .;C:\Program Files\Java\jdk-12.0.1\bin;C:\WINDOWS\SYSTEM32;C:\WINDOWS\WinSxS\amd64_microsoft.windows.common-controls_6595b64144ccf1df_6.0.19041.1110_none_60b5254171f9507e;C:\Program Files\Java\jdk-12.0.1\bin\server;C:\Program Files\JetBrains\IntelliJ IDEA 2021.2.3\bin

VM Arguments:
jvm_args: -ea -Didea.test.cyclic.buffer.size=1048576 -javaagent:C:\Program Files\JetBrains\IntelliJ IDEA 2021.2.3\lib\idea_rt.jar=59139:C:\Program Files\JetBrains\IntelliJ IDEA 2021.2.3\bin -Dfile.encoding=UTF-8 
java_command: com.intellij.rt.junit.JUnitStarter -ideVersion5 -junit5 com.scheduleproject.services.LessonServiceTest,create
java_class_path (initial): C:\Users\DELL\.m2\repository\org\junit\platform\junit-platform-launcher\1.8.2\junit-platform-launcher-1.8.2.jar;C:\Users\DELL\.m2\repository\org\apiguardian\apiguardian-api\1.1.2\apiguardian-api-1.1.2.jar;C:\Users\DELL\.m2\repository\org\junit\vintage\junit-vintage-engine\5.7.2\junit-vintage-engine-5.7.2.jar;C:\Program Files\JetBrains\IntelliJ IDEA 2021.2.3\lib\idea_rt.jar;C:\Program Files\JetBrains\IntelliJ IDEA 2021.2.3\plugins\junit\lib\junit5-rt.jar;C:\Program Files\JetBrains\IntelliJ IDEA 2021.2.3\plugins\junit\lib\junit-rt.jar;C:\Users\DELL\OneDrive\Рабочий стол\schedule-project\target\test-classes;C:\Users\DELL\OneDrive\Рабочий стол\schedule-project\target\classes;C:\Users\DELL\.m2\repository\org\springframework\boot\spring-boot-starter-data-jpa\2.7.3\spring-boot-starter-data-jpa-2.7.3.jar;C:\Users\DELL\.m2\repository\org\springframework\boot\spring-boot-starter-aop\2.7.3\spring-boot-starter-aop-2.7.3.jar;C:\Users\DELL\.m2\repository\org\springframework\spring-aop\5.3.22\spring-aop-5.3.22.jar;C:\Users\DELL\.m2\repository\org\aspectj\aspectjweaver\1.9.7\aspectjweaver-1.9.7.jar;C:\Users\DELL\.m2\repository\jakarta\transaction\jakarta.transaction-api\1.3.3\jakarta.transaction-api-1.3.3.jar;C:\Users\DELL\.m2\repository\jakarta\persistence\jakarta.persistence-api\2.2.3\jakarta.persistence-api-2.2.3.jar;C:\Users\DELL\.m2\repository\org\hibernate\hibernate-core\5.6.10.Final\hibernate-core-5.6.10.Final.jar;C:\Users\DELL\.m2\repository\org\jboss\logging\jboss-logging\3.4.3.Final\jboss-logging-3.4.3.Final.jar;C:\Users\DELL\.m2\repository\net\bytebuddy\byte-buddy\1.12.13\byte-buddy-1.12.13.jar;C:\Users\DELL\.m2\repository\antlr\antlr\2.7.7\antlr-2.7.7.jar;C:\Users\DELL\.m2\repository\org\jboss\jandex\2.4.2.Final\jandex-2.4.2.Final.jar;C:\Users\DELL\.m2\repository\com\fasterxml\classmate\1.5.1\classmate-1.5.1.jar;C:\Users\DELL\.m2\repository\org\hibernate\common\hibernate-commons-annotations\5.1.2.Final\hibernate-commons-annotations-5.1.2.Fin
Launcher Type: SUN_STANDARD

[Global flags]
     intx CICompilerCount                          = 4                                         {product} {ergonomic}
     uint ConcGCThreads                            = 2                                         {product} {ergonomic}
     uint G1ConcRefinementThreads                  = 8                                         {product} {ergonomic}
   size_t G1HeapRegionSize                         = 1048576                                   {product} {ergonomic}
    uintx GCDrainStackTargetSize                   = 64                                        {product} {ergonomic}
   size_t InitialHeapSize                          = 134217728                                 {product} {ergonomic}
   size_t MarkStackSize                            = 4194304                                   {product} {ergonomic}
   size_t MaxHeapSize                              = 2116026368                                {product} {ergonomic}
   size_t MaxNewSize                               = 1268776960                                {product} {ergonomic}
   size_t MinHeapDeltaBytes                        = 1048576                                   {product} {ergonomic}
    uintx NonNMethodCodeHeapSize                   = 5836300                                {pd product} {ergonomic}
    uintx NonProfiledCodeHeapSize                  = 122910970                              {pd product} {ergonomic}
    uintx ProfiledCodeHeapSize                     = 122910970                              {pd product} {ergonomic}
    uintx ReservedCodeCacheSize                    = 251658240                              {pd product} {ergonomic}
     bool SegmentedCodeCache                       = true                                      {product} {ergonomic}
     bool UseCompressedClassPointers               = true                                 {lp64_product} {ergonomic}
     bool UseCompressedOops                        = true                                 {lp64_product} {ergonomic}
     bool UseG1GC                                  = true                                      {product} {ergonomic}
     bool UseLargePagesIndividualAllocation        = false                                  {pd product} {ergonomic}

Logging:
Log output configuration:
 #0: stdout all=warning uptime,level,tags
 #1: stderr all=off uptime,level,tags

Environment Variables:
PATH=C:\Program Files (x86)\Common Files\Oracle\Java\javapath;C:\Program Files (x86)\Intel\Intel(R) Management Engine Components\iCLS\;C:\Program Files\Intel\Intel(R) Management Engine Components\iCLS\;C:\WINDOWS\system32;C:\WINDOWS;C:\WINDOWS\System32\Wbem;C:\WINDOWS\System32\WindowsPowerShell\v1.0\;C:\WINDOWS\System32\OpenSSH\;C:\Program Files (x86)\Intel\Intel(R) Management Engine Components\DAL;C:\Program Files\Intel\Intel(R) Management Engine Components\DAL;C:\Program Files\Intel\WiFi\bin\;C:\Program Files\Common Files\Intel\WirelessCommon\;C:\Program Files\dotnet\;C:\Program Files\Git\cmd;C:\Program Files (x86)\GitExtensions\;C:\Program Files\Docker\Docker\resources\bin;C:\ProgramData\DockerDesktop\version-bin;C:\Users\DELL\AppData\Local\Microsoft\WindowsApps;C:\Users\DELL\AppData\Local\GitHubDesktop\bin;C:\Users\DELL\AppData\Local\Microsoft\WindowsApps;C:\Users\DELL\AppData\Local\Programs\Microsoft VS Code\bin;C:\Users\DELL\AppData\Local\Programs\MiKTeX\miktex\bin\x64\
USERNAME=DELL
OS=Windows_NT
PROCESSOR_IDENTIFIER=Intel64 Family 6 Model 142 Stepping 10, GenuineIntel



---------------  S Y S T E M  ---------------

OS: Windows 10 , 64 bit Build 19041 (10.0.19041.1889)

CPU:total 8 (initial active 8) (4 cores per cpu, 2 threads per core) family 6 model 142 stepping 10, cmov, cx8, fxsr, mmx, sse, sse2, sse3, ssse3, sse4.1, sse4.2, popcnt, avx, avx2, aes, clmul, erms, rtm, 3dnowpref, lzcnt, ht, tsc, tscinvbit, bmi1, bmi2, adx, fma

Memory: 4k page, system-wide physical 8071M (304M free)
TotalPageFile size 23071M (AvailPageFile size 4M)
current process WorkingSet (physical memory assigned to process): 285M, peak: 285M
current process commit charge ("private bytes"): 344M, peak: 345M

vm_info: Java HotSpot(TM) 64-Bit Server VM (12.0.1+12) for windows-amd64 JRE (12.0.1+12), built on Apr  2 2019 14:02:19 by "mach5one" with MS VC++ 15.5 (VS2017)

END.
